                                 Started job on |	Feb 27 19:40:37
                             Started mapping on |	Feb 27 19:41:00
                                    Finished on |	Feb 27 23:49:01
       Mapping speed, Million of reads per hour |	41.35

                          Number of input reads |	170928211
                      Average input read length |	55
                                    UNIQUE READS:
                   Uniquely mapped reads number |	134613290
                        Uniquely mapped reads % |	78.75%
                          Average mapped length |	56.76
                       Number of splices: Total |	9120305
            Number of splices: Annotated (sjdb) |	8142700
                       Number of splices: GT/AG |	8919240
                       Number of splices: GC/AG |	95540
                       Number of splices: AT/AC |	6397
               Number of splices: Non-canonical |	99128
                      Mismatch rate per base, % |	0.39%
                         Deletion rate per base |	0.01%
                        Deletion average length |	1.36
                        Insertion rate per base |	0.01%
                       Insertion average length |	1.19
                             MULTI-MAPPING READS:
        Number of reads mapped to multiple loci |	14621079
             % of reads mapped to multiple loci |	8.55%
        Number of reads mapped to too many loci |	2868964
             % of reads mapped to too many loci |	1.68%
                                  UNMAPPED READS:
  Number of reads unmapped: too many mismatches |	0
       % of reads unmapped: too many mismatches |	0.00%
            Number of reads unmapped: too short |	15213225
                 % of reads unmapped: too short |	8.90%
                Number of reads unmapped: other |	3611653
                     % of reads unmapped: other |	2.11%
                                  CHIMERIC READS:
                       Number of chimeric reads |	0
                            % of chimeric reads |	0.00%
