                                 Started job on |	Feb 27 19:40:37
                             Started mapping on |	Feb 27 19:41:01
                                    Finished on |	Feb 28 06:26:37
       Mapping speed, Million of reads per hour |	25.88

                          Number of input reads |	278438009
                      Average input read length |	55
                                    UNIQUE READS:
                   Uniquely mapped reads number |	214448389
                        Uniquely mapped reads % |	77.02%
                          Average mapped length |	56.57
                       Number of splices: Total |	16676831
            Number of splices: Annotated (sjdb) |	14757683
                       Number of splices: GT/AG |	16247220
                       Number of splices: GC/AG |	193132
                       Number of splices: AT/AC |	13871
               Number of splices: Non-canonical |	222608
                      Mismatch rate per base, % |	1.35%
                         Deletion rate per base |	0.04%
                        Deletion average length |	1.99
                        Insertion rate per base |	0.03%
                       Insertion average length |	1.59
                             MULTI-MAPPING READS:
        Number of reads mapped to multiple loci |	29734317
             % of reads mapped to multiple loci |	10.68%
        Number of reads mapped to too many loci |	4891487
             % of reads mapped to too many loci |	1.76%
                                  UNMAPPED READS:
  Number of reads unmapped: too many mismatches |	0
       % of reads unmapped: too many mismatches |	0.00%
            Number of reads unmapped: too short |	24411383
                 % of reads unmapped: too short |	8.77%
                Number of reads unmapped: other |	4952433
                     % of reads unmapped: other |	1.78%
                                  CHIMERIC READS:
                       Number of chimeric reads |	0
                            % of chimeric reads |	0.00%
