                                 Started job on |	Feb 22 15:35:17
                             Started mapping on |	Feb 22 15:37:20
                                    Finished on |	Feb 23 01:18:53
       Mapping speed, Million of reads per hour |	25.73

                          Number of input reads |	249385089
                      Average input read length |	54
                                    UNIQUE READS:
                   Uniquely mapped reads number |	185516431
                        Uniquely mapped reads % |	74.39%
                          Average mapped length |	55.60
                       Number of splices: Total |	15094698
            Number of splices: Annotated (sjdb) |	13544054
                       Number of splices: GT/AG |	14756287
                       Number of splices: GC/AG |	145915
                       Number of splices: AT/AC |	11563
               Number of splices: Non-canonical |	180933
                      Mismatch rate per base, % |	1.24%
                         Deletion rate per base |	0.04%
                        Deletion average length |	1.99
                        Insertion rate per base |	0.02%
                       Insertion average length |	1.55
                             MULTI-MAPPING READS:
        Number of reads mapped to multiple loci |	26687392
             % of reads mapped to multiple loci |	10.70%
        Number of reads mapped to too many loci |	6334208
             % of reads mapped to too many loci |	2.54%
                                  UNMAPPED READS:
  Number of reads unmapped: too many mismatches |	0
       % of reads unmapped: too many mismatches |	0.00%
            Number of reads unmapped: too short |	27077219
                 % of reads unmapped: too short |	10.86%
                Number of reads unmapped: other |	3769839
                     % of reads unmapped: other |	1.51%
                                  CHIMERIC READS:
                       Number of chimeric reads |	0
                            % of chimeric reads |	0.00%
