                                 Started job on |	Mar 17 12:05:29
                             Started mapping on |	Mar 17 12:06:42
                                    Finished on |	Mar 19 22:53:03
       Mapping speed, Million of reads per hour |	23.04

                          Number of input reads |	1354217020
                      Average input read length |	135
                                    UNIQUE READS:
                   Uniquely mapped reads number |	1161520414
                        Uniquely mapped reads % |	85.77%
                          Average mapped length |	134.23
                       Number of splices: Total |	289432153
            Number of splices: Annotated (sjdb) |	252566530
                       Number of splices: GT/AG |	280633138
                       Number of splices: GC/AG |	2919878
                       Number of splices: AT/AC |	185631
               Number of splices: Non-canonical |	5693506
                      Mismatch rate per base, % |	1.62%
                         Deletion rate per base |	0.07%
                        Deletion average length |	2.61
                        Insertion rate per base |	0.05%
                       Insertion average length |	2.13
                             MULTI-MAPPING READS:
        Number of reads mapped to multiple loci |	100943701
             % of reads mapped to multiple loci |	7.45%
        Number of reads mapped to too many loci |	4639316
             % of reads mapped to too many loci |	0.34%
                                  UNMAPPED READS:
  Number of reads unmapped: too many mismatches |	0
       % of reads unmapped: too many mismatches |	0.00%
            Number of reads unmapped: too short |	83866415
                 % of reads unmapped: too short |	6.19%
                Number of reads unmapped: other |	3247174
                     % of reads unmapped: other |	0.24%
                                  CHIMERIC READS:
                       Number of chimeric reads |	0
                            % of chimeric reads |	0.00%
