                                 Started job on |	Mar 20 15:12:44
                             Started mapping on |	Mar 20 15:13:35
                                    Finished on |	Mar 21 08:08:21
       Mapping speed, Million of reads per hour |	21.99

                          Number of input reads |	371845377
                      Average input read length |	129
                                    UNIQUE READS:
                   Uniquely mapped reads number |	301364965
                        Uniquely mapped reads % |	81.05%
                          Average mapped length |	130.07
                       Number of splices: Total |	51635732
            Number of splices: Annotated (sjdb) |	44145955
                       Number of splices: GT/AG |	48014421
                       Number of splices: GC/AG |	2128509
                       Number of splices: AT/AC |	33211
               Number of splices: Non-canonical |	1459591
                      Mismatch rate per base, % |	1.74%
                         Deletion rate per base |	0.11%
                        Deletion average length |	2.51
                        Insertion rate per base |	0.08%
                       Insertion average length |	1.92
                             MULTI-MAPPING READS:
        Number of reads mapped to multiple loci |	26913057
             % of reads mapped to multiple loci |	7.24%
        Number of reads mapped to too many loci |	3527461
             % of reads mapped to too many loci |	0.95%
                                  UNMAPPED READS:
  Number of reads unmapped: too many mismatches |	0
       % of reads unmapped: too many mismatches |	0.00%
            Number of reads unmapped: too short |	36623526
                 % of reads unmapped: too short |	9.85%
                Number of reads unmapped: other |	3416368
                     % of reads unmapped: other |	0.92%
                                  CHIMERIC READS:
                       Number of chimeric reads |	0
                            % of chimeric reads |	0.00%
