                                 Started job on |	Feb 27 19:50:10
                             Started mapping on |	Feb 27 19:50:17
                                    Finished on |	Feb 28 01:48:10
       Mapping speed, Million of reads per hour |	40.79

                          Number of input reads |	243321270
                      Average input read length |	55
                                    UNIQUE READS:
                   Uniquely mapped reads number |	188656810
                        Uniquely mapped reads % |	77.53%
                          Average mapped length |	56.74
                       Number of splices: Total |	11355277
            Number of splices: Annotated (sjdb) |	10090292
                       Number of splices: GT/AG |	11108089
                       Number of splices: GC/AG |	116822
                       Number of splices: AT/AC |	6429
               Number of splices: Non-canonical |	123937
                      Mismatch rate per base, % |	0.43%
                         Deletion rate per base |	0.01%
                        Deletion average length |	1.36
                        Insertion rate per base |	0.01%
                       Insertion average length |	1.19
                             MULTI-MAPPING READS:
        Number of reads mapped to multiple loci |	20903229
             % of reads mapped to multiple loci |	8.59%
        Number of reads mapped to too many loci |	4018849
             % of reads mapped to too many loci |	1.65%
                                  UNMAPPED READS:
  Number of reads unmapped: too many mismatches |	0
       % of reads unmapped: too many mismatches |	0.00%
            Number of reads unmapped: too short |	23518348
                 % of reads unmapped: too short |	9.67%
                Number of reads unmapped: other |	6224034
                     % of reads unmapped: other |	2.56%
                                  CHIMERIC READS:
                       Number of chimeric reads |	0
                            % of chimeric reads |	0.00%
