                                 Started job on |	Mar 21 11:11:39
                             Started mapping on |	Mar 21 11:11:50
                                    Finished on |	Mar 21 19:39:25
       Mapping speed, Million of reads per hour |	26.43

                          Number of input reads |	223582659
                      Average input read length |	53
                                    UNIQUE READS:
                   Uniquely mapped reads number |	157914628
                        Uniquely mapped reads % |	70.63%
                          Average mapped length |	55.49
                       Number of splices: Total |	13152612
            Number of splices: Annotated (sjdb) |	11683754
                       Number of splices: GT/AG |	12794053
                       Number of splices: GC/AG |	170021
                       Number of splices: AT/AC |	10489
               Number of splices: Non-canonical |	178049
                      Mismatch rate per base, % |	1.54%
                         Deletion rate per base |	0.04%
                        Deletion average length |	1.84
                        Insertion rate per base |	0.03%
                       Insertion average length |	1.53
                             MULTI-MAPPING READS:
        Number of reads mapped to multiple loci |	24188196
             % of reads mapped to multiple loci |	10.82%
        Number of reads mapped to too many loci |	5543596
             % of reads mapped to too many loci |	2.48%
                                  UNMAPPED READS:
  Number of reads unmapped: too many mismatches |	0
       % of reads unmapped: too many mismatches |	0.00%
            Number of reads unmapped: too short |	32320625
                 % of reads unmapped: too short |	14.46%
                Number of reads unmapped: other |	3615614
                     % of reads unmapped: other |	1.62%
                                  CHIMERIC READS:
                       Number of chimeric reads |	0
                            % of chimeric reads |	0.00%
