                                 Started job on |	Feb 27 13:06:31
                             Started mapping on |	Feb 27 13:06:41
                                    Finished on |	Feb 27 20:05:36
       Mapping speed, Million of reads per hour |	37.28

                          Number of input reads |	260254393
                      Average input read length |	55
                                    UNIQUE READS:
                   Uniquely mapped reads number |	200770870
                        Uniquely mapped reads % |	77.14%
                          Average mapped length |	56.74
                       Number of splices: Total |	10602345
            Number of splices: Annotated (sjdb) |	9432276
                       Number of splices: GT/AG |	10366111
                       Number of splices: GC/AG |	106634
                       Number of splices: AT/AC |	6659
               Number of splices: Non-canonical |	122941
                      Mismatch rate per base, % |	0.47%
                         Deletion rate per base |	0.01%
                        Deletion average length |	1.34
                        Insertion rate per base |	0.01%
                       Insertion average length |	1.17
                             MULTI-MAPPING READS:
        Number of reads mapped to multiple loci |	23929108
             % of reads mapped to multiple loci |	9.19%
        Number of reads mapped to too many loci |	4581411
             % of reads mapped to too many loci |	1.76%
                                  UNMAPPED READS:
  Number of reads unmapped: too many mismatches |	0
       % of reads unmapped: too many mismatches |	0.00%
            Number of reads unmapped: too short |	24799623
                 % of reads unmapped: too short |	9.53%
                Number of reads unmapped: other |	6173381
                     % of reads unmapped: other |	2.37%
                                  CHIMERIC READS:
                       Number of chimeric reads |	0
                            % of chimeric reads |	0.00%
