                                 Started job on |	Mar 20 14:54:06
                             Started mapping on |	Mar 20 14:54:54
                                    Finished on |	Mar 22 05:17:44
       Mapping speed, Million of reads per hour |	23.24

                          Number of input reads |	892111447
                      Average input read length |	130
                                    UNIQUE READS:
                   Uniquely mapped reads number |	754799597
                        Uniquely mapped reads % |	84.61%
                          Average mapped length |	129.01
                       Number of splices: Total |	152377123
            Number of splices: Annotated (sjdb) |	131169585
                       Number of splices: GT/AG |	147361430
                       Number of splices: GC/AG |	1500995
                       Number of splices: AT/AC |	89306
               Number of splices: Non-canonical |	3425392
                      Mismatch rate per base, % |	1.76%
                         Deletion rate per base |	0.08%
                        Deletion average length |	2.57
                        Insertion rate per base |	0.05%
                       Insertion average length |	2.13
                             MULTI-MAPPING READS:
        Number of reads mapped to multiple loci |	67753013
             % of reads mapped to multiple loci |	7.59%
        Number of reads mapped to too many loci |	3699238
             % of reads mapped to too many loci |	0.41%
                                  UNMAPPED READS:
  Number of reads unmapped: too many mismatches |	0
       % of reads unmapped: too many mismatches |	0.00%
            Number of reads unmapped: too short |	63756866
                 % of reads unmapped: too short |	7.15%
                Number of reads unmapped: other |	2102733
                     % of reads unmapped: other |	0.24%
                                  CHIMERIC READS:
                       Number of chimeric reads |	0
                            % of chimeric reads |	0.00%
