                                 Started job on |	Feb 27 19:26:41
                             Started mapping on |	Feb 27 19:27:36
                                    Finished on |	Feb 28 04:49:13
       Mapping speed, Million of reads per hour |	32.85

                          Number of input reads |	307511139
                      Average input read length |	55
                                    UNIQUE READS:
                   Uniquely mapped reads number |	232027773
                        Uniquely mapped reads % |	75.45%
                          Average mapped length |	56.70
                       Number of splices: Total |	10942101
            Number of splices: Annotated (sjdb) |	9666013
                       Number of splices: GT/AG |	10672951
                       Number of splices: GC/AG |	113420
                       Number of splices: AT/AC |	6818
               Number of splices: Non-canonical |	148912
                      Mismatch rate per base, % |	0.58%
                         Deletion rate per base |	0.01%
                        Deletion average length |	1.33
                        Insertion rate per base |	0.01%
                       Insertion average length |	1.16
                             MULTI-MAPPING READS:
        Number of reads mapped to multiple loci |	28317173
             % of reads mapped to multiple loci |	9.21%
        Number of reads mapped to too many loci |	5528593
             % of reads mapped to too many loci |	1.80%
                                  UNMAPPED READS:
  Number of reads unmapped: too many mismatches |	0
       % of reads unmapped: too many mismatches |	0.00%
            Number of reads unmapped: too short |	33388283
                 % of reads unmapped: too short |	10.86%
                Number of reads unmapped: other |	8249317
                     % of reads unmapped: other |	2.68%
                                  CHIMERIC READS:
                       Number of chimeric reads |	0
                            % of chimeric reads |	0.00%
