                                 Started job on |	Feb 27 19:48:07
                             Started mapping on |	Feb 27 19:48:34
                                    Finished on |	Feb 28 11:55:16
       Mapping speed, Million of reads per hour |	15.29

                          Number of input reads |	246412091
                      Average input read length |	55
                                    UNIQUE READS:
                   Uniquely mapped reads number |	136417487
                        Uniquely mapped reads % |	55.36%
                          Average mapped length |	55.65
                       Number of splices: Total |	9453443
            Number of splices: Annotated (sjdb) |	7421844
                       Number of splices: GT/AG |	8980734
                       Number of splices: GC/AG |	121359
                       Number of splices: AT/AC |	10022
               Number of splices: Non-canonical |	341328
                      Mismatch rate per base, % |	4.17%
                         Deletion rate per base |	0.08%
                        Deletion average length |	2.05
                        Insertion rate per base |	0.05%
                       Insertion average length |	1.67
                             MULTI-MAPPING READS:
        Number of reads mapped to multiple loci |	37670170
             % of reads mapped to multiple loci |	15.29%
        Number of reads mapped to too many loci |	6800087
             % of reads mapped to too many loci |	2.76%
                                  UNMAPPED READS:
  Number of reads unmapped: too many mismatches |	0
       % of reads unmapped: too many mismatches |	0.00%
            Number of reads unmapped: too short |	60263644
                 % of reads unmapped: too short |	24.46%
                Number of reads unmapped: other |	5260703
                     % of reads unmapped: other |	2.13%
                                  CHIMERIC READS:
                       Number of chimeric reads |	0
                            % of chimeric reads |	0.00%
