                                 Started job on |	Feb 27 20:21:10
                             Started mapping on |	Feb 27 20:21:43
                                    Finished on |	Feb 28 10:43:50
       Mapping speed, Million of reads per hour |	14.88

                          Number of input reads |	213755321
                      Average input read length |	55
                                    UNIQUE READS:
                   Uniquely mapped reads number |	113660388
                        Uniquely mapped reads % |	53.17%
                          Average mapped length |	55.60
                       Number of splices: Total |	5041787
            Number of splices: Annotated (sjdb) |	3353004
                       Number of splices: GT/AG |	4688135
                       Number of splices: GC/AG |	67320
                       Number of splices: AT/AC |	4437
               Number of splices: Non-canonical |	281895
                      Mismatch rate per base, % |	4.21%
                         Deletion rate per base |	0.09%
                        Deletion average length |	2.05
                        Insertion rate per base |	0.05%
                       Insertion average length |	1.68
                             MULTI-MAPPING READS:
        Number of reads mapped to multiple loci |	37603325
             % of reads mapped to multiple loci |	17.59%
        Number of reads mapped to too many loci |	7513514
             % of reads mapped to too many loci |	3.52%
                                  UNMAPPED READS:
  Number of reads unmapped: too many mismatches |	0
       % of reads unmapped: too many mismatches |	0.00%
            Number of reads unmapped: too short |	49301360
                 % of reads unmapped: too short |	23.06%
                Number of reads unmapped: other |	5676734
                     % of reads unmapped: other |	2.66%
                                  CHIMERIC READS:
                       Number of chimeric reads |	0
                            % of chimeric reads |	0.00%
